<?xml version="1.0" encoding="UTF-8"?>
<!-- Generated by org.testng.reporters.JUnitXMLReporter -->
<testsuite hostname="pg-gu" name="Surefire test" tests="4" failures="0" timestamp="8 Mar 2018 05:01:55 GMT" time="25.443" errors="0">
  <testcase name="thisIsaFailingTest on thisIsaFailingTest(com.appestudante.junit.estudantesinfo.primeiroTest)" time="16.892" classname="com.appestudante.junit.estudantesinfo.primeiroTest"/>
  <testcase name="thisIsAPendingTest on thisIsAPendingTest(com.appestudante.junit.estudantesinfo.primeiroTest)" time="0.0" classname="com.appestudante.junit.estudantesinfo.primeiroTest">
    <skipped/>
  </testcase> <!-- thisIsAPendingTest on thisIsAPendingTest(com.appestudante.junit.estudantesinfo.primeiroTest) -->
  <testcase name="thisIsASkipTest on thisIsASkipTest(com.appestudante.junit.estudantesinfo.primeiroTest)" time="0.0" classname="com.appestudante.junit.estudantesinfo.primeiroTest">
    <skipped/>
  </testcase> <!-- thisIsASkipTest on thisIsASkipTest(com.appestudante.junit.estudantesinfo.primeiroTest) -->
  <testcase name="getTodosEstudantes on getTodosEstudantes(com.appestudante.junit.estudantesinfo.primeiroTest)" time="0.651" classname="com.appestudante.junit.estudantesinfo.primeiroTest"/>
</testsuite> <!-- Surefire test -->
