<?xml version="1.0" encoding="UTF-8"?>
<testng-results skipped="2" failed="0" total="4" passed="2">
  <reporter-output>
  </reporter-output>
  <suite name="Surefire suite" duration-ms="25443" started-at="2018-03-08T05:01:29Z" finished-at="2018-03-08T05:01:55Z">
    <groups>
    </groups>
    <test name="Surefire test" duration-ms="25443" started-at="2018-03-08T05:01:29Z" finished-at="2018-03-08T05:01:55Z">
      <class name="com.appestudante.junit.estudantesinfo.primeiroTest">
        <test-method status="PASS" signature="thisIsaFailingTest()[pri:0, instance:thisIsaFailingTest(com.appestudante.junit.estudantesinfo.primeiroTest)]" name="thisIsaFailingTest" duration-ms="16892" started-at="2018-03-08T02:01:31Z" finished-at="2018-03-08T02:01:48Z">
          <reporter-output>
          </reporter-output>
        </test-method> <!-- thisIsaFailingTest -->
        <test-method status="SKIP" signature="thisIsAPendingTest()[pri:0, instance:thisIsAPendingTest(com.appestudante.junit.estudantesinfo.primeiroTest)]" name="thisIsAPendingTest" duration-ms="0" started-at="2018-03-08T02:01:49Z" finished-at="2018-03-08T02:01:49Z">
          <reporter-output>
          </reporter-output>
        </test-method> <!-- thisIsAPendingTest -->
        <test-method status="SKIP" signature="thisIsASkipTest()[pri:0, instance:thisIsASkipTest(com.appestudante.junit.estudantesinfo.primeiroTest)]" name="thisIsASkipTest" duration-ms="0" started-at="2018-03-08T02:01:50Z" finished-at="2018-03-08T02:01:50Z">
          <reporter-output>
          </reporter-output>
        </test-method> <!-- thisIsASkipTest -->
        <test-method status="PASS" signature="getTodosEstudantes()[pri:0, instance:getTodosEstudantes(com.appestudante.junit.estudantesinfo.primeiroTest)]" name="getTodosEstudantes" duration-ms="651" started-at="2018-03-08T02:01:50Z" finished-at="2018-03-08T02:01:51Z">
          <reporter-output>
          </reporter-output>
        </test-method> <!-- getTodosEstudantes -->
      </class> <!-- com.appestudante.junit.estudantesinfo.primeiroTest -->
    </test> <!-- Surefire test -->
  </suite> <!-- Surefire suite -->
</testng-results>
