<?xml version="1.0" encoding="UTF-8"?><testsuite errors="0" failures="0" name="com.appestudante.junit.estudantesinfo.primeiroTest" skipped="2" tests="4" time="18.46" timestamp="2018-03-67 02:01:31"><testcase classname="com.appestudante.junit.estudantesinfo.primeiroTest" name="This isa failing test"/><testcase classname="com.appestudante.junit.estudantesinfo.primeiroTest" name="This is a pending test"><skipped/></testcase><testcase classname="com.appestudante.junit.estudantesinfo.primeiroTest" name="This is a skip test"><skipped/></testcase><testcase classname="com.appestudante.junit.estudantesinfo.primeiroTest" name="Este teste irá fazer um get em tudo"/></testsuite>